app/build/intermediates/manifest_merge_blame_file/debug/manifest-merger-blame-debug-report.txt
1<?xml version="1.0" encoding="utf-8"?>
2<manifest xmlns:android="http://schemas.android.com/apk/res/android"
3    package="com.example.navigusdocs"
4    android:versionCode="1"
5    android:versionName="1.0" >
6
7    <uses-sdk
8        android:minSdkVersion="23"
8-->src\main\AndroidManifest.xml
9        android:targetSdkVersion="29" />
9-->src\main\AndroidManifest.xml
10
11    <uses-permission android:name="android.permission.INTERNET" />
11-->src\main\AndroidManifest.xml:4:5-66
11-->src\main\AndroidManifest.xml:4:22-64
12    <uses-permission android:name="android.permission.ACCESS_NETWORK_STATE" />
12-->[com.google.firebase:firebase-database:16.0.4] AndroidManifest.xml:22:5-79
12-->[com.google.firebase:firebase-database:16.0.4] AndroidManifest.xml:22:22-76
13
14    <application
14-->src\main\AndroidManifest.xml:6:5-27:19
15        android:allowBackup="true"
15-->src\main\AndroidManifest.xml:7:9-35
16        android:appComponentFactory="androidx.core.app.CoreComponentFactory"
16-->[androidx.core:core:1.1.0] AndroidManifest.xml:24:18-86
17        android:debuggable="true"
18        android:icon="@mipmap/ic_launcher"
18-->src\main\AndroidManifest.xml:8:9-43
19        android:label="@string/app_name"
19-->src\main\AndroidManifest.xml:9:9-41
20        android:roundIcon="@mipmap/ic_launcher_round"
20-->src\main\AndroidManifest.xml:10:9-54
21        android:supportsRtl="true"
21-->src\main\AndroidManifest.xml:11:9-35
22        android:theme="@style/AppTheme" >
22-->src\main\AndroidManifest.xml:12:9-40
23        <activity android:name="com.example.navigusdocs.home" />
23-->src\main\AndroidManifest.xml:13:9-51
23-->src\main\AndroidManifest.xml:13:19-39
24        <activity android:name="com.example.navigusdocs.SplashScreen" >
24-->src\main\AndroidManifest.xml:14:9-20:20
24-->src\main\AndroidManifest.xml:14:19-47
25            <intent-filter>
25-->src\main\AndroidManifest.xml:15:13-19:29
26                <action android:name="android.intent.action.MAIN" />
26-->src\main\AndroidManifest.xml:16:17-69
26-->src\main\AndroidManifest.xml:16:25-66
27
28                <category android:name="android.intent.category.LAUNCHER" />
28-->src\main\AndroidManifest.xml:18:17-77
28-->src\main\AndroidManifest.xml:18:27-74
29            </intent-filter>
30        </activity>
31        <activity android:name="com.example.navigusdocs.SignupActivity" />
31-->src\main\AndroidManifest.xml:21:9-52
31-->src\main\AndroidManifest.xml:21:19-49
32        <activity android:name="com.example.navigusdocs.MainActivity" />
32-->src\main\AndroidManifest.xml:22:9-59
32-->src\main\AndroidManifest.xml:22:19-47
33
34        <meta-data
34-->src\main\AndroidManifest.xml:24:9-26:57
35            android:name="preloaded_fonts"
35-->src\main\AndroidManifest.xml:25:13-43
36            android:resource="@array/preloaded_fonts" />
36-->src\main\AndroidManifest.xml:26:13-54
37
38        <activity
38-->[com.google.firebase:firebase-auth:16.0.5] AndroidManifest.xml:24:9-31:50
39            android:name="com.google.firebase.auth.internal.FederatedSignInActivity"
39-->[com.google.firebase:firebase-auth:16.0.5] AndroidManifest.xml:25:13-85
40            android:excludeFromRecents="true"
40-->[com.google.firebase:firebase-auth:16.0.5] AndroidManifest.xml:26:13-46
41            android:exported="true"
41-->[com.google.firebase:firebase-auth:16.0.5] AndroidManifest.xml:27:13-36
42            android:launchMode="singleTask"
42-->[com.google.firebase:firebase-auth:16.0.5] AndroidManifest.xml:28:13-44
43            android:permission="com.google.firebase.auth.api.gms.permission.LAUNCH_FEDERATED_SIGN_IN"
43-->[com.google.firebase:firebase-auth:16.0.5] AndroidManifest.xml:29:13-102
44            android:theme="@android:style/Theme.Translucent.NoTitleBar" />
44-->[com.google.firebase:firebase-auth:16.0.5] AndroidManifest.xml:30:13-72
45
46        <service
46-->[com.google.firebase:firebase-auth:16.0.5] AndroidManifest.xml:33:9-39:19
47            android:name="com.google.firebase.components.ComponentDiscoveryService"
47-->[com.google.firebase:firebase-auth:16.0.5] AndroidManifest.xml:34:13-84
48            android:exported="false" >
48-->[com.google.firebase:firebase-auth:16.0.5] AndroidManifest.xml:35:13-37
49            <meta-data
49-->[com.google.firebase:firebase-auth:16.0.5] AndroidManifest.xml:36:13-38:85
50                android:name="com.google.firebase.components:com.google.firebase.auth.FirebaseAuthRegistrar"
50-->[com.google.firebase:firebase-auth:16.0.5] AndroidManifest.xml:37:17-109
51                android:value="com.google.firebase.components.ComponentRegistrar" />
51-->[com.google.firebase:firebase-auth:16.0.5] AndroidManifest.xml:38:17-82
52        </service>
53
54        <activity
54-->[com.google.android.gms:play-services-base:16.0.1] AndroidManifest.xml:23:9-26:75
55            android:name="com.google.android.gms.common.api.GoogleApiActivity"
55-->[com.google.android.gms:play-services-base:16.0.1] AndroidManifest.xml:24:13-79
56            android:exported="false"
56-->[com.google.android.gms:play-services-base:16.0.1] AndroidManifest.xml:25:13-37
57            android:theme="@android:style/Theme.Translucent.NoTitleBar" />
57-->[com.google.android.gms:play-services-base:16.0.1] AndroidManifest.xml:26:13-72
58
59        <provider
59-->[com.google.firebase:firebase-common:16.0.3] AndroidManifest.xml:10:9-14:39
60            android:name="com.google.firebase.provider.FirebaseInitProvider"
60-->[com.google.firebase:firebase-common:16.0.3] AndroidManifest.xml:11:13-77
61            android:authorities="com.example.navigusdocs.firebaseinitprovider"
61-->[com.google.firebase:firebase-common:16.0.3] AndroidManifest.xml:12:13-72
62            android:exported="false"
62-->[com.google.firebase:firebase-common:16.0.3] AndroidManifest.xml:13:13-37
63            android:initOrder="100" />
63-->[com.google.firebase:firebase-common:16.0.3] AndroidManifest.xml:14:13-36
64
65        <meta-data
65-->[com.google.android.gms:play-services-basement:16.1.0] AndroidManifest.xml:23:9-25:69
66            android:name="com.google.android.gms.version"
66-->[com.google.android.gms:play-services-basement:16.1.0] AndroidManifest.xml:24:13-58
67            android:value="@integer/google_play_services_version" />
67-->[com.google.android.gms:play-services-basement:16.1.0] AndroidManifest.xml:25:13-66
68    </application>
69
70</manifest>